<?xml version="1.0" encoding="UTF-8"?>
<!-- Generated by org.testng.reporters.JUnitXMLReporter -->
<testsuite ignored="0" hostname="XE-GGN-IT-03166" failures="1" tests="15" name="TutorialsNinja Automation test Cases" time="153.445" errors="0" timestamp="2023-03-28T09:50:37 IST">
  <testcase classname="com.tutorialsninja.qa.testcases.RegisterTest" name="verifyRegistrationAnAccountWithMandetoryField" time="2.961"/>
  <testcase classname="com.tutorialsninja.qa.testcases.RegisterTest" name="verifyRegistrationAnAccountWithAllField" time="2.904"/>
  <testcase classname="com.tutorialsninja.qa.testcases.RegisterTest" name="verifyRegistrationAnAccountWithExistingMailAdress" time="2.732"/>
  <testcase classname="com.tutorialsninja.qa.testcases.RegisterTest" name="verifyRegistrationAnAccountWithoutAnyDetails" time="1.301"/>
  <testcase classname="com.tutorialsninja.qa.testcases.LoginTest" name="verifyLoginWithValidCredentials" time="1.511"/>
  <testcase classname="com.tutorialsninja.qa.testcases.LoginTest" name="verifyLoginWithValidCredentials" time="1.44"/>
  <testcase classname="com.tutorialsninja.qa.testcases.LoginTest" name="verifyLoginWithValidCredentials" time="1.564"/>
  <testcase classname="com.tutorialsninja.qa.testcases.LoginTest" name="verifyLoginWithInValidCredentials" time="1.393"/>
  <testcase classname="com.tutorialsninja.qa.testcases.LoginTest" name="verifyLoginWithInValidemailAndValidPass" time="1.409"/>
  <testcase classname="com.tutorialsninja.qa.testcases.LoginTest" name="verifyLoginWithValidemailAndInValidPass" time="1.131"/>
  <testcase classname="com.tutorialsninja.qa.testcases.LoginTest" name="verifyLoginWithoutAnyCredentials" time="0.809"/>
  <testcase classname="com.tutorialsninja.qa.testcases.SearchTest" name="verifySearchWithValidProduct" time="1.442"/>
  <testcase classname="com.tutorialsninja.qa.testcases.SearchTest" name="verifySearchWithInValidProduct" time="1.224">
    <failure type="java.lang.AssertionError" message="expected [true] but found [false]">
      <![CDATA[java.lang.AssertionError: expected [true] but found [false]
at com.tutorialsninja.qa.testcases.SearchTest.verifySearchWithInValidProduct(SearchTest.java:68)
at java.base/java.util.ArrayList.forEach(ArrayList.java:1511)
... Removed 31 stack frames]]>
    </failure>
  </testcase> <!-- verifySearchWithInValidProduct -->
  <testcase classname="com.tutorialsninja.qa.testcases.SearchTest" name="verifySearchWithMultipleValidProduct" time="0.0">
    <skipped/>
  </testcase> <!-- verifySearchWithMultipleValidProduct -->
  <testcase classname="com.tutorialsninja.qa.testcases.SearchTest" name="verifySearchAndNavigateCompareProductPage" time="2.112"/>
</testsuite> <!-- TutorialsNinja Automation test Cases -->
