<?xml version="1.0" encoding="UTF-8"?>
<!-- Generated by org.testng.reporters.JUnitXMLReporter -->
<testsuite ignored="0" hostname="USMUMSDABHADE1" failures="1" tests="15" name="TutorialsNinja Automation test Cases" time="104.689" errors="0" timestamp="2023-03-07T09:22:41 IST">
  <testcase classname="com.tutorialsninja.qa.testcases.RegisterTest" name="verifyRegistrationAnAccountWithMandetoryField" time="2.072"/>
  <testcase classname="com.tutorialsninja.qa.testcases.RegisterTest" name="verifyRegistrationAnAccountWithAllField" time="2.069"/>
  <testcase classname="com.tutorialsninja.qa.testcases.RegisterTest" name="verifyRegistrationAnAccountWithExistingMailAdress" time="1.895"/>
  <testcase classname="com.tutorialsninja.qa.testcases.RegisterTest" name="verifyRegistrationAnAccountWithoutAnyDetails" time="1.564"/>
  <testcase classname="com.tutorialsninja.qa.testcases.LoginTest" name="verifyLoginWithValidCredentials" time="1.597"/>
  <testcase classname="com.tutorialsninja.qa.testcases.LoginTest" name="verifyLoginWithValidCredentials" time="1.737"/>
  <testcase classname="com.tutorialsninja.qa.testcases.LoginTest" name="verifyLoginWithValidCredentials" time="1.63"/>
  <testcase classname="com.tutorialsninja.qa.testcases.LoginTest" name="verifyLoginWithInValidCredentials" time="1.519"/>
  <testcase classname="com.tutorialsninja.qa.testcases.LoginTest" name="verifyLoginWithInValidemailAndValidPass" time="1.553"/>
  <testcase classname="com.tutorialsninja.qa.testcases.LoginTest" name="verifyLoginWithValidemailAndInValidPass" time="1.486"/>
  <testcase classname="com.tutorialsninja.qa.testcases.LoginTest" name="verifyLoginWithoutAnyCredentials" time="1.181"/>
  <testcase classname="com.tutorialsninja.qa.testcases.SearchTest" name="verifySearchWithValidProduct" time="0.608"/>
  <testcase classname="com.tutorialsninja.qa.testcases.SearchTest" name="verifySearchWithInValidProduct" time="0.541">
    <failure type="java.lang.AssertionError" message="expected [true] but found [false]">
      <![CDATA[java.lang.AssertionError: expected [true] but found [false]
at com.tutorialsninja.qa.testcases.SearchTest.verifySearchWithInValidProduct(SearchTest.java:68)
at java.base/java.util.ArrayList.forEach(ArrayList.java:1511)
... Removed 33 stack frames]]>
    </failure>
  </testcase> <!-- verifySearchWithInValidProduct -->
  <testcase classname="com.tutorialsninja.qa.testcases.SearchTest" name="verifySearchWithMultipleValidProduct" time="0.0">
    <skipped/>
  </testcase> <!-- verifySearchWithMultipleValidProduct -->
  <testcase classname="com.tutorialsninja.qa.testcases.SearchTest" name="verifySearchAndNavigateCompareProductPage" time="0.983"/>
</testsuite> <!-- TutorialsNinja Automation test Cases -->
